Wed Nov 08 2023 19:57:13 } [PH] error: 🐱‍🏍 globalErrorHandler ~~ 
Invalid `prisma.package.findUnique()` invocation:

{
  where: {
    id: undefined,
?   AND?: PackageWhereInput | PackageWhereInput[],
?   OR?: PackageWhereInput[],
?   NOT?: PackageWhereInput | PackageWhereInput[],
?   categoryId?: StringFilter | String,
?   name?: StringFilter | String,
?   validFrom?: DateTimeFilter | DateTime,
?   validTill?: DateTimeFilter | DateTime,
?   country?: StringFilter | String,
?   location?: StringFilter | String,
?   price?: IntFilter | Int,
?   people?: IntFilter | Int,
?   isBooked?: BoolFilter | Boolean,
?   duration?: StringFilter | String,
?   description?: StringFilter | String,
?   facilities?: StringNullableFilter | String | Null,
?   whyChooseUs?: StringNullableFilter | String | Null,
?   image?: StringFilter | String,
?   availableQunatity?: IntFilter | Int,
?   createdAt?: DateTimeFilter | DateTime,
?   updatedAt?: DateTimeFilter | DateTime,
?   reviews?: ReviewListRelationFilter,
?   categorires?: CategoryRelationFilter | CategoryWhereInput,
?   Booking?: BookingListRelationFilter
  }
}

Argument `where` of type PackageWhereUniqueInput needs at least one of `id` arguments. Available options are marked with ?.
